<?xml version="1.0" encoding="UTF-8"?>
<robot generator="Robot 3.1 (Python 3.6.5 on win32)" generated="20200206 15:23:01.531" rpa="false">
<suite id="s1" name="SoftJourne" source="D:\development\test3robot\Tests\SoftJourne.robot">
<test id="s1-t1" name="Test Case 1">
<kw name="Suite SetUp Before Test" library="Common">
<arguments>
<arg>${browser}</arg>
<arg>set_url</arg>
</arguments>
<kw name="Open Browser" library="SeleniumLibrary">
<doc>Opens a new browser instance to the given ``url``.</doc>
<arguments>
<arg>${browser}</arg>
<arg>${base_Url}</arg>
</arguments>
<msg timestamp="20200206 15:23:01.764" level="INFO">Opening browser 'firefox' to base url 'set_url'.</msg>
<kw name="Capture Page Screenshot" library="SeleniumLibrary">
<doc>Takes screenshot of the current page and embeds it into log file.</doc>
<msg timestamp="20200206 15:23:12.384" level="INFO" html="yes">&lt;/td&gt;&lt;/tr&gt;&lt;tr&gt;&lt;td colspan="3"&gt;&lt;a href="selenium-screenshot-10.png"&gt;&lt;img src="selenium-screenshot-10.png" width="800px"&gt;&lt;/a&gt;</msg>
<status status="PASS" starttime="20200206 15:23:12.376" endtime="20200206 15:23:12.385"></status>
</kw>
<msg timestamp="20200206 15:23:12.387" level="FAIL">InvalidArgumentException: Message: Malformed URL: set_url is not a valid URL.
</msg>
<status status="FAIL" starttime="20200206 15:23:01.764" endtime="20200206 15:23:12.387"></status>
</kw>
<status status="FAIL" starttime="20200206 15:23:01.764" endtime="20200206 15:23:12.387"></status>
</kw>
<kw name="Close Browser" library="SeleniumLibrary" type="teardown">
<doc>Closes the current browser.</doc>
<status status="PASS" starttime="20200206 15:23:12.388" endtime="20200206 15:23:13.095"></status>
</kw>
<tags>
<tag>gmp-001</tag>
</tags>
<status status="FAIL" starttime="20200206 15:23:01.762" endtime="20200206 15:23:13.096" critical="yes">InvalidArgumentException: Message: Malformed URL: set_url is not a valid URL.
</status>
</test>
<doc>SSimple test cases for checking RobotFramework logic</doc>
<status status="FAIL" starttime="20200206 15:23:01.532" endtime="20200206 15:23:13.097"></status>
</suite>
<statistics>
<total>
<stat pass="0" fail="1">Critical Tests</stat>
<stat pass="0" fail="1">All Tests</stat>
</total>
<tag>
<stat pass="0" fail="1">gmp-001</stat>
</tag>
<suite>
<stat pass="0" fail="1" id="s1" name="SoftJourne">SoftJourne</stat>
</suite>
</statistics>
<errors>
</errors>
</robot>
